101.02.24 02:26 B C:\WINDOWS\Escritorio\WEB\htm\animado.gif --> ftp.geocities.com /colegiocalasancio/htm animado.gif
101.02.24 02:26 B C:\WINDOWS\Escritorio\WEB\htm\arbol.htm --> ftp.geocities.com /colegiocalasancio/htm arbol.htm
101.02.24 02:26 B C:\WINDOWS\Escritorio\WEB\htm\atajos.gif --> ftp.geocities.com /colegiocalasancio/htm atajos.gif
101.02.24 02:26 B C:\WINDOWS\Escritorio\WEB\htm\back.gif --> ftp.geocities.com /colegiocalasancio/htm back.gif
101.02.24 02:27 B C:\WINDOWS\Escritorio\WEB\htm\casa.gif --> ftp.geocities.com /colegiocalasancio/htm casa.gif
101.02.24 02:27 B C:\WINDOWS\Escritorio\WEB\htm\casa.htm --> ftp.geocities.com /colegiocalasancio/htm casa.htm
101.02.24 02:27 B C:\WINDOWS\Escritorio\WEB\htm\caution.gif --> ftp.geocities.com /colegiocalasancio/htm caution.gif
101.02.24 02:27 B C:\WINDOWS\Escritorio\WEB\htm\cuidado.gif --> ftp.geocities.com /colegiocalasancio/htm cuidado.gif
101.02.24 02:27 B C:\WINDOWS\Escritorio\WEB\htm\dibujo.htm --> ftp.geocities.com /colegiocalasancio/htm dibujo.htm
101.02.24 02:27 B C:\WINDOWS\Escritorio\WEB\htm\favomov.gif --> ftp.geocities.com /colegiocalasancio/htm favomov.gif
101.02.24 02:27 B C:\WINDOWS\Escritorio\WEB\htm\finfaq.htm --> ftp.geocities.com /colegiocalasancio/htm finfaq.htm
101.02.24 02:27 B C:\WINDOWS\Escritorio\WEB\htm\fondonub.gif --> ftp.geocities.com /colegiocalasancio/htm fondonub.gif
101.02.24 02:27 B C:\WINDOWS\Escritorio\WEB\htm\fondox.gif --> ftp.geocities.com /colegiocalasancio/htm fondox.gif
101.02.24 02:27 B C:\WINDOWS\Escritorio\WEB\htm\fongtii.jpg --> ftp.geocities.com /colegiocalasancio/htm fongtii.jpg
101.02.24 02:27 B C:\WINDOWS\Escritorio\WEB\htm\forward.gif --> ftp.geocities.com /colegiocalasancio/htm forward.gif
101.02.24 02:27 B C:\WINDOWS\Escritorio\WEB\htm\g.gif --> ftp.geocities.com /colegiocalasancio/htm g.gif
101.02.24 02:27 B C:\WINDOWS\Escritorio\WEB\htm\geologo.gif --> ftp.geocities.com /colegiocalasancio/htm geologo.gif
101.02.24 02:27 B C:\WINDOWS\Escritorio\WEB\htm\gtiilogo.jpg --> ftp.geocities.com /colegiocalasancio/htm gtiilogo.jpg
101.02.24 02:27 B C:\WINDOWS\Escritorio\WEB\htm\help.gif --> ftp.geocities.com /colegiocalasancio/htm help.gif
101.02.24 02:27 B C:\WINDOWS\Escritorio\WEB\htm\htm.gif --> ftp.geocities.com /colegiocalasancio/htm htm.gif
101.02.24 02:27 B C:\WINDOWS\Escritorio\WEB\htm\ie.gif --> ftp.geocities.com /colegiocalasancio/htm ie.gif
101.02.24 02:28 B C:\WINDOWS\Escritorio\WEB\htm\indice.htm --> ftp.geocities.com /colegiocalasancio/htm indice.htm
101.02.24 02:28 B C:\WINDOWS\Escritorio\WEB\htm\inscrip.class --> ftp.geocities.com /colegiocalasancio/htm inscrip.class
101.02.24 02:28 B C:\WINDOWS\Escritorio\WEB\htm\inscrip.htm --> ftp.geocities.com /colegiocalasancio/htm inscrip.htm
101.02.24 02:28 B C:\WINDOWS\Escritorio\WEB\htm\inscrip1.htm --> ftp.geocities.com /colegiocalasancio/htm inscrip1.htm
101.02.24 02:28 B C:\WINDOWS\Escritorio\WEB\htm\Laufschrift.class --> ftp.geocities.com /colegiocalasancio/htm Laufschrift.class
101.02.24 02:28 B C:\WINDOWS\Escritorio\WEB\htm\lazito.gif --> ftp.geocities.com /colegiocalasancio/htm lazito.gif
101.02.24 02:28 B C:\WINDOWS\Escritorio\WEB\htm\lazo.gif --> ftp.geocities.com /colegiocalasancio/htm lazo.gif
101.02.24 02:28 B C:\WINDOWS\Escritorio\WEB\htm\lista.gif --> ftp.geocities.com /colegiocalasancio/htm lista.gif
101.02.24 02:28 B C:\WINDOWS\Escritorio\WEB\htm\lista.htm --> ftp.geocities.com /colegiocalasancio/htm lista.htm
101.02.24 02:28 B C:\WINDOWS\Escritorio\WEB\htm\mail.gif --> ftp.geocities.com /colegiocalasancio/htm mail.gif
101.02.24 02:28 B C:\WINDOWS\Escritorio\WEB\htm\mailform.htm --> ftp.geocities.com /colegiocalasancio/htm mailform.htm
101.02.24 02:28 B C:\WINDOWS\Escritorio\WEB\htm\mailold.gif --> ftp.geocities.com /colegiocalasancio/htm mailold.gif
101.02.24 02:28 B C:\WINDOWS\Escritorio\WEB\htm\maleta.gif --> ftp.geocities.com /colegiocalasancio/htm maleta.gif
101.02.24 02:28 B C:\WINDOWS\Escritorio\WEB\htm\man000.htm --> ftp.geocities.com /colegiocalasancio/htm man000.htm
101.02.24 02:28 B C:\WINDOWS\Escritorio\WEB\htm\man001.htm --> ftp.geocities.com /colegiocalasancio/htm man001.htm
101.02.24 02:28 B C:\WINDOWS\Escritorio\WEB\htm\man002.htm --> ftp.geocities.com /colegiocalasancio/htm man002.htm
101.02.24 02:28 B C:\WINDOWS\Escritorio\WEB\htm\man003.htm --> ftp.geocities.com /colegiocalasancio/htm man003.htm
101.02.24 02:28 B C:\WINDOWS\Escritorio\WEB\htm\man004.htm --> ftp.geocities.com /colegiocalasancio/htm man004.htm
101.02.24 02:29 B C:\WINDOWS\Escritorio\WEB\htm\man005.htm --> ftp.geocities.com /colegiocalasancio/htm man005.htm
101.02.24 02:29 B C:\WINDOWS\Escritorio\WEB\htm\man006.htm --> ftp.geocities.com /colegiocalasancio/htm man006.htm
101.02.24 02:29 B C:\WINDOWS\Escritorio\WEB\htm\man007.htm --> ftp.geocities.com /colegiocalasancio/htm man007.htm
101.02.24 02:29 B C:\WINDOWS\Escritorio\WEB\htm\man008.htm --> ftp.geocities.com /colegiocalasancio/htm man008.htm
101.02.24 02:29 B C:\WINDOWS\Escritorio\WEB\htm\man009.htm --> ftp.geocities.com /colegiocalasancio/htm man009.htm
101.02.24 02:29 B C:\WINDOWS\Escritorio\WEB\htm\man010.htm --> ftp.geocities.com /colegiocalasancio/htm man010.htm
101.02.24 02:29 B C:\WINDOWS\Escritorio\WEB\htm\man011.htm --> ftp.geocities.com /colegiocalasancio/htm man011.htm
101.02.24 02:29 B C:\WINDOWS\Escritorio\WEB\htm\man012.htm --> ftp.geocities.com /colegiocalasancio/htm man012.htm
101.02.24 02:29 B C:\WINDOWS\Escritorio\WEB\htm\man013.htm --> ftp.geocities.com /colegiocalasancio/htm man013.htm
101.02.24 02:29 B C:\WINDOWS\Escritorio\WEB\htm\mandown.htm --> ftp.geocities.com /colegiocalasancio/htm mandown.htm
101.02.24 02:29 B C:\WINDOWS\Escritorio\WEB\htm\manfaq.htm --> ftp.geocities.com /colegiocalasancio/htm manfaq.htm
101.02.24 02:29 B C:\WINDOWS\Escritorio\WEB\htm\manfaq01.htm --> ftp.geocities.com /colegiocalasancio/htm manfaq01.htm
101.02.24 02:29 B C:\WINDOWS\Escritorio\WEB\htm\manintro.htm --> ftp.geocities.com /colegiocalasancio/htm manintro.htm
101.02.24 02:30 B C:\WINDOWS\Escritorio\WEB\htm\manual.htm --> ftp.geocities.com /colegiocalasancio/htm manual.htm
101.02.24 02:30 B C:\WINDOWS\Escritorio\WEB\htm\manual.zip --> ftp.geocities.com /colegiocalasancio/htm manual.zip
101.02.24 02:30 B C:\WINDOWS\Escritorio\WEB\htm\mosca.gif --> ftp.geocities.com /colegiocalasancio/htm mosca.gif
101.02.24 02:31 B C:\WINDOWS\Escritorio\WEB\htm\ns.gif --> ftp.geocities.com /colegiocalasancio/htm ns.gif
101.02.24 02:31 B C:\WINDOWS\Escritorio\WEB\htm\onmouse.htm --> ftp.geocities.com /colegiocalasancio/htm onmouse.htm
101.02.24 02:31 B C:\WINDOWS\Escritorio\WEB\htm\puerta.htm --> ftp.geocities.com /colegiocalasancio/htm puerta.htm
101.02.24 02:31 B C:\WINDOWS\Escritorio\WEB\htm\puntito.gif --> ftp.geocities.com /colegiocalasancio/htm puntito.gif
101.02.24 02:31 B C:\WINDOWS\Escritorio\WEB\htm\tejado.htm --> ftp.geocities.com /colegiocalasancio/htm tejado.htm
101.02.24 02:31 B C:\WINDOWS\Escritorio\WEB\htm\tronco.htm --> ftp.geocities.com /colegiocalasancio/htm tronco.htm
101.02.24 02:31 B C:\WINDOWS\Escritorio\WEB\htm\yahoo.gif --> ftp.geocities.com /colegiocalasancio/htm yahoo.gif
101.02.24 02:47 B C:\WINDOWS\Escritorio\WEB\htm\animado.gif --> ftp.geocities.com /colegiocalasancio/htm animado.gif
101.02.24 02:48 B C:\WINDOWS\Escritorio\WEB\htm\arbol.htm --> ftp.geocities.com /colegiocalasancio/htm arbol.htm
101.02.24 02:48 B C:\WINDOWS\Escritorio\WEB\htm\atajos.gif --> ftp.geocities.com /colegiocalasancio/htm atajos.gif
101.02.24 02:48 B C:\WINDOWS\Escritorio\WEB\htm\back.gif --> ftp.geocities.com /colegiocalasancio/htm back.gif
101.02.24 02:49 B C:\WINDOWS\Escritorio\WEB\htm\casa.gif --> ftp.geocities.com /colegiocalasancio/htm casa.gif
101.02.24 02:49 B C:\WINDOWS\Escritorio\WEB\htm\casa.htm --> ftp.geocities.com /colegiocalasancio/htm casa.htm
101.02.24 02:50 B C:\WINDOWS\Escritorio\WEB\htm\caution.gif --> ftp.geocities.com /colegiocalasancio/htm caution.gif
101.02.24 02:50 B C:\WINDOWS\Escritorio\WEB\htm\cuidado.gif --> ftp.geocities.com /colegiocalasancio/htm cuidado.gif
101.02.24 02:50 B C:\WINDOWS\Escritorio\WEB\htm\dibujo.htm --> ftp.geocities.com /colegiocalasancio/htm dibujo.htm
101.02.24 02:51 B C:\WINDOWS\Escritorio\WEB\htm\favomov.gif --> ftp.geocities.com /colegiocalasancio/htm favomov.gif
