101.01.01 04:07 B C:\WINDOWS\Escritorio\WEB\0.htm --> ftp.geocities.com /colegiocalasancio/ 0.htm
101.01.01 04:08 B C:\WINDOWS\Escritorio\WEB\1.mid --> ftp.geocities.com /colegiocalasancio/ 1.mid
101.01.01 04:08 B C:\WINDOWS\Escritorio\WEB\100.JPG --> ftp.geocities.com /colegiocalasancio/ 100.JPG
101.01.01 04:09 B C:\WINDOWS\Escritorio\WEB\1001.jpg --> ftp.geocities.com /colegiocalasancio/ 1001.jpg
101.01.01 04:09 B C:\WINDOWS\Escritorio\WEB\adn.gif --> ftp.geocities.com /colegiocalasancio/ adn.gif
101.01.01 04:10 B C:\WINDOWS\Escritorio\WEB\arroba.gif --> ftp.geocities.com /colegiocalasancio/ arroba.gif
101.01.01 04:10 B C:\WINDOWS\Escritorio\WEB\bandera.gif --> ftp.geocities.com /colegiocalasancio/ bandera.gif
101.01.01 04:10 B C:\WINDOWS\Escritorio\WEB\cala.gif --> ftp.geocities.com /colegiocalasancio/ cala.gif
101.01.01 04:10 B C:\WINDOWS\Escritorio\WEB\camello.gif --> ftp.geocities.com /colegiocalasancio/ camello.gif
101.01.01 04:11 B C:\WINDOWS\Escritorio\WEB\caza.mid --> ftp.geocities.com /colegiocalasancio/ caza.mid
101.01.01 04:15 B C:\WINDOWS\Escritorio\WEB\cc.gif --> ftp.geocities.com /colegiocalasancio/ cc.gif
101.01.01 04:15 B C:\WINDOWS\Escritorio\WEB\ce.gif --> ftp.geocities.com /colegiocalasancio/ ce.gif
101.01.01 04:25 B C:\WINDOWS\Escritorio\WEB\cole.gif --> ftp.geocities.com /colegiocalasancio/ cole.gif
101.01.01 04:26 B C:\WINDOWS\Escritorio\WEB\creditos.htm --> ftp.geocities.com /colegiocalasancio/ creditos.htm
101.01.01 04:26 B C:\WINDOWS\Escritorio\WEB\diablos.jpg --> ftp.geocities.com /colegiocalasancio/ diablos.jpg
101.01.01 04:27 B C:\WINDOWS\Escritorio\WEB\dicciona.htm --> ftp.geocities.com /colegiocalasancio/ dicciona.htm
101.01.01 04:28 B C:\WINDOWS\Escritorio\WEB\dream.gif --> ftp.geocities.com /colegiocalasancio/ dream.gif
101.01.01 04:28 B C:\WINDOWS\Escritorio\WEB\ECUACION.TXT --> ftp.geocities.com /colegiocalasancio/ ECUACION.TXT
101.01.01 04:28 B C:\WINDOWS\Escritorio\WEB\emilios.gif --> ftp.geocities.com /colegiocalasancio/ emilios.gif
101.01.01 04:28 B C:\WINDOWS\Escritorio\WEB\escudo3.gif --> ftp.geocities.com /colegiocalasancio/ escudo3.gif
101.01.01 04:29 B C:\WINDOWS\Escritorio\WEB\escudo6.gif --> ftp.geocities.com /colegiocalasancio/ escudo6.gif
101.01.01 04:30 B C:\WINDOWS\Escritorio\WEB\exorcista.mid --> ftp.geocities.com /colegiocalasancio/ exorcista.mid
101.01.01 04:30 B C:\WINDOWS\Escritorio\WEB\gene.gif --> ftp.geocities.com /colegiocalasancio/ gene.gif
101.01.01 04:31 B C:\WINDOWS\Escritorio\WEB\guardaespaldas.mid --> ftp.geocities.com /colegiocalasancio/ guardaespaldas.mid
101.01.01 04:31 B C:\WINDOWS\Escritorio\WEB\Hakuna.mid --> ftp.geocities.com /colegiocalasancio/ Hakuna.mid
101.01.01 04:35 B C:\WINDOWS\Escritorio\WEB\gene.gif --> ftp.geocities.com /colegiocalasancio/ gene.gif
101.01.01 04:35 B C:\WINDOWS\Escritorio\WEB\guardaespaldas.mid --> ftp.geocities.com /colegiocalasancio/ guardaespaldas.mid
101.01.01 04:35 B C:\WINDOWS\Escritorio\WEB\Hakuna.mid --> ftp.geocities.com /colegiocalasancio/ Hakuna.mid
101.01.01 04:35 B C:\WINDOWS\Escritorio\WEB\hard.htm --> ftp.geocities.com /colegiocalasancio/ hard.htm
101.01.01 04:36 B C:\WINDOWS\Escritorio\WEB\html.gif --> ftp.geocities.com /colegiocalasancio/ html.gif
101.01.01 04:36 B C:\WINDOWS\Escritorio\WEB\html.htm --> ftp.geocities.com /colegiocalasancio/ html.htm
101.01.01 04:36 B C:\WINDOWS\Escritorio\WEB\index.htm --> ftp.geocities.com /colegiocalasancio/ index.htm
101.01.01 04:36 B C:\WINDOWS\Escritorio\WEB\Indiana.mid --> ftp.geocities.com /colegiocalasancio/ Indiana.mid
101.01.01 04:36 B C:\WINDOWS\Escritorio\WEB\indice.htm --> ftp.geocities.com /colegiocalasancio/ indice.htm
101.01.01 04:36 B C:\WINDOWS\Escritorio\WEB\inter.htm --> ftp.geocities.com /colegiocalasancio/ inter.htm
101.01.01 04:36 B C:\WINDOWS\Escritorio\WEB\internete.htm --> ftp.geocities.com /colegiocalasancio/ internete.htm
101.01.01 04:36 B C:\WINDOWS\Escritorio\WEB\internetea.htm --> ftp.geocities.com /colegiocalasancio/ internetea.htm
101.01.01 04:36 B C:\WINDOWS\Escritorio\WEB\intro.htm --> ftp.geocities.com /colegiocalasancio/ intro.htm
101.01.01 04:37 B C:\WINDOWS\Escritorio\WEB\ito.gif --> ftp.geocities.com /colegiocalasancio/ ito.gif
101.01.01 04:37 B C:\WINDOWS\Escritorio\WEB\ito1.htm --> ftp.geocities.com /colegiocalasancio/ ito1.htm
101.01.01 04:37 B C:\WINDOWS\Escritorio\WEB\ito2.htm --> ftp.geocities.com /colegiocalasancio/ ito2.htm
101.01.01 04:38 B C:\WINDOWS\Escritorio\WEB\ito3.gif --> ftp.geocities.com /colegiocalasancio/ ito3.gif
101.01.01 04:38 B C:\WINDOWS\Escritorio\WEB\ito3.htm --> ftp.geocities.com /colegiocalasancio/ ito3.htm
101.01.01 04:38 B C:\WINDOWS\Escritorio\WEB\ito4.htm --> ftp.geocities.com /colegiocalasancio/ ito4.htm
101.01.01 04:38 B C:\WINDOWS\Escritorio\WEB\ito5.htm --> ftp.geocities.com /colegiocalasancio/ ito5.htm
101.01.01 04:38 B C:\WINDOWS\Escritorio\WEB\leng.htm --> ftp.geocities.com /colegiocalasancio/ leng.htm
101.01.01 04:39 B C:\WINDOWS\Escritorio\WEB\lenguajes.gif --> ftp.geocities.com /colegiocalasancio/ lenguajes.gif
101.01.01 04:39 B C:\WINDOWS\Escritorio\WEB\lenguajes.htm --> ftp.geocities.com /colegiocalasancio/ lenguajes.htm
101.01.01 04:39 B C:\WINDOWS\Escritorio\WEB\links.htm --> ftp.geocities.com /colegiocalasancio/ links.htm
101.01.01 04:39 B C:\WINDOWS\Escritorio\WEB\manolo.gif --> ftp.geocities.com /colegiocalasancio/ manolo.gif
101.01.01 04:40 B C:\WINDOWS\Escritorio\WEB\manolo2.gif --> ftp.geocities.com /colegiocalasancio/ manolo2.gif
101.01.01 04:40 B C:\WINDOWS\Escritorio\WEB\mision.mid --> ftp.geocities.com /colegiocalasancio/ mision.mid
101.01.01 04:40 B C:\WINDOWS\Escritorio\WEB\monkey2.mid --> ftp.geocities.com /colegiocalasancio/ monkey2.mid
101.01.01 04:40 B C:\WINDOWS\Escritorio\WEB\ms4.gif --> ftp.geocities.com /colegiocalasancio/ ms4.gif
101.01.01 04:41 B C:\WINDOWS\Escritorio\WEB\ms5.jpg --> ftp.geocities.com /colegiocalasancio/ ms5.jpg
101.01.01 04:41 B C:\WINDOWS\Escritorio\WEB\ms6.gif --> ftp.geocities.com /colegiocalasancio/ ms6.gif
101.01.01 04:41 B C:\WINDOWS\Escritorio\WEB\navegadores.htm --> ftp.geocities.com /colegiocalasancio/ navegadores.htm
101.01.01 04:41 B C:\WINDOWS\Escritorio\WEB\navidad.gif --> ftp.geocities.com /colegiocalasancio/ navidad.gif
101.01.01 04:49 B C:\WINDOWS\Escritorio\WEB\navidad.ppt --> ftp.geocities.com /colegiocalasancio/ navidad.ppt
101.01.01 04:55 B C:\WINDOWS\Escritorio\WEB\navidad.zip --> ftp.geocities.com /colegiocalasancio/ navidad.zip
101.01.01 04:55 B C:\WINDOWS\Escritorio\WEB\Nto.txt --> ftp.geocities.com /colegiocalasancio/ Nto.txt
101.01.01 04:55 B C:\WINDOWS\Escritorio\WEB\ordenata.GIF --> ftp.geocities.com /colegiocalasancio/ ordenata.GIF
101.01.01 04:55 B C:\WINDOWS\Escritorio\WEB\pascal.gif --> ftp.geocities.com /colegiocalasancio/ pascal.gif
101.01.01 04:55 B C:\WINDOWS\Escritorio\WEB\pascal.htm --> ftp.geocities.com /colegiocalasancio/ pascal.htm
101.01.01 04:56 B C:\WINDOWS\Escritorio\WEB\pp.gif --> ftp.geocities.com /colegiocalasancio/ pp.gif
101.01.01 04:56 B C:\WINDOWS\Escritorio\WEB\pp.htm --> ftp.geocities.com /colegiocalasancio/ pp.htm
101.01.01 04:56 B C:\WINDOWS\Escritorio\WEB\Prog1_1.txt --> ftp.geocities.com /colegiocalasancio/ Prog1_1.txt
101.01.01 04:56 B C:\WINDOWS\Escritorio\WEB\Prog1_10.txt --> ftp.geocities.com /colegiocalasancio/ Prog1_10.txt
101.01.01 04:56 B C:\WINDOWS\Escritorio\WEB\Prog1_11.txt --> ftp.geocities.com /colegiocalasancio/ Prog1_11.txt
101.01.01 04:56 B C:\WINDOWS\Escritorio\WEB\Prog1_12.txt --> ftp.geocities.com /colegiocalasancio/ Prog1_12.txt
101.01.01 04:56 B C:\WINDOWS\Escritorio\WEB\PROG1_13.TXT --> ftp.geocities.com /colegiocalasancio/ PROG1_13.TXT
101.01.01 04:56 B C:\WINDOWS\Escritorio\WEB\PROG1_14.TXT --> ftp.geocities.com /colegiocalasancio/ PROG1_14.TXT
101.01.01 04:56 B C:\WINDOWS\Escritorio\WEB\PROG1_15.TXT --> ftp.geocities.com /colegiocalasancio/ PROG1_15.TXT
101.01.01 04:56 B C:\WINDOWS\Escritorio\WEB\Prog1_16.txt --> ftp.geocities.com /colegiocalasancio/ Prog1_16.txt
101.01.01 04:56 B C:\WINDOWS\Escritorio\WEB\PROG1_17.TXT --> ftp.geocities.com /colegiocalasancio/ PROG1_17.TXT
101.01.01 04:56 B C:\WINDOWS\Escritorio\WEB\PROG1_18.TXT --> ftp.geocities.com /colegiocalasancio/ PROG1_18.TXT
101.01.01 04:56 B C:\WINDOWS\Escritorio\WEB\PROG1_19.TXT --> ftp.geocities.com /colegiocalasancio/ PROG1_19.TXT
101.01.01 04:56 B C:\WINDOWS\Escritorio\WEB\Prog1_2.txt --> ftp.geocities.com /colegiocalasancio/ Prog1_2.txt
101.01.01 04:56 B C:\WINDOWS\Escritorio\WEB\PROG1_20.TXT --> ftp.geocities.com /colegiocalasancio/ PROG1_20.TXT
101.01.01 04:57 B C:\WINDOWS\Escritorio\WEB\PROG1_21.TXT --> ftp.geocities.com /colegiocalasancio/ PROG1_21.TXT
101.01.01 04:57 B C:\WINDOWS\Escritorio\WEB\PROG1_22.TXT --> ftp.geocities.com /colegiocalasancio/ PROG1_22.TXT
101.01.01 04:57 B C:\WINDOWS\Escritorio\WEB\PROG1_23.TXT --> ftp.geocities.com /colegiocalasancio/ PROG1_23.TXT
101.01.01 04:57 B C:\WINDOWS\Escritorio\WEB\PROG1_24.TXT --> ftp.geocities.com /colegiocalasancio/ PROG1_24.TXT
101.01.01 04:57 B C:\WINDOWS\Escritorio\WEB\PROG1_25.TXT --> ftp.geocities.com /colegiocalasancio/ PROG1_25.TXT
101.01.01 04:57 B C:\WINDOWS\Escritorio\WEB\PROG1_26.TXT --> ftp.geocities.com /colegiocalasancio/ PROG1_26.TXT
101.01.01 04:57 B C:\WINDOWS\Escritorio\WEB\PROG1_27.TXT --> ftp.geocities.com /colegiocalasancio/ PROG1_27.TXT
101.01.01 04:57 B C:\WINDOWS\Escritorio\WEB\PROG1_28.TXT --> ftp.geocities.com /colegiocalasancio/ PROG1_28.TXT
101.01.01 04:57 B C:\WINDOWS\Escritorio\WEB\PROG1_29.TXT --> ftp.geocities.com /colegiocalasancio/ PROG1_29.TXT
101.01.01 04:57 B C:\WINDOWS\Escritorio\WEB\Prog1_3.txt --> ftp.geocities.com /colegiocalasancio/ Prog1_3.txt
101.01.01 04:57 B C:\WINDOWS\Escritorio\WEB\PROG1_30.TXT --> ftp.geocities.com /colegiocalasancio/ PROG1_30.TXT
101.01.01 04:57 B C:\WINDOWS\Escritorio\WEB\Prog1_4.txt --> ftp.geocities.com /colegiocalasancio/ Prog1_4.txt
101.01.01 04:57 B C:\WINDOWS\Escritorio\WEB\Prog1_5.txt --> ftp.geocities.com /colegiocalasancio/ Prog1_5.txt
101.01.01 04:57 B C:\WINDOWS\Escritorio\WEB\Prog1_6.txt --> ftp.geocities.com /colegiocalasancio/ Prog1_6.txt
101.01.01 04:57 B C:\WINDOWS\Escritorio\WEB\Prog1_7.txt --> ftp.geocities.com /colegiocalasancio/ Prog1_7.txt
101.01.01 04:57 B C:\WINDOWS\Escritorio\WEB\Prog1_8.txt --> ftp.geocities.com /colegiocalasancio/ Prog1_8.txt
101.01.01 04:57 B C:\WINDOWS\Escritorio\WEB\Prog1_9.txt --> ftp.geocities.com /colegiocalasancio/ Prog1_9.txt
101.01.01 04:58 B C:\WINDOWS\Escritorio\WEB\programacion.htm --> ftp.geocities.com /colegiocalasancio/ programacion.htm
101.01.01 04:58 B C:\WINDOWS\Escritorio\WEB\reloj.gif --> ftp.geocities.com /colegiocalasancio/ reloj.gif
101.01.01 05:00 B C:\WINDOWS\Escritorio\WEB\programacion.htm --> ftp.geocities.com /colegiocalasancio/ programacion.htm
101.01.01 05:03 B C:\WINDOWS\Escritorio\WEB\reloj.gif --> ftp.geocities.com /colegiocalasancio/ reloj.gif
101.01.01 05:03 B C:\WINDOWS\Escritorio\WEB\sp.gif --> ftp.geocities.com /colegiocalasancio/ sp.gif
101.01.01 05:03 B C:\WINDOWS\Escritorio\WEB\tech.htm --> ftp.geocities.com /colegiocalasancio/ tech.htm
101.01.01 05:03 B C:\WINDOWS\Escritorio\WEB\titanic.mid --> ftp.geocities.com /colegiocalasancio/ titanic.mid
101.01.01 05:04 B C:\WINDOWS\Escritorio\WEB\win.jpg --> ftp.geocities.com /colegiocalasancio/ win.jpg
101.01.01 05:04 B C:\WINDOWS\Escritorio\WEB\wml.gif --> ftp.geocities.com /colegiocalasancio/ wml.gif
101.01.01 05:04 B C:\WINDOWS\Escritorio\WEB\wml.htm --> ftp.geocities.com /colegiocalasancio/ wml.htm
101.01.01 05:05 B C:\WINDOWS\Escritorio\WEB\zip.gif --> ftp.geocities.com /colegiocalasancio/ zip.gif
101.01.01 05:07 B C:\WINDOWS\Escritorio\WEB\zip.gif --> ftp.geocities.com /colegiocalasancio/ zip.gif
101.01.01 17:50 B C:\WINDOWS\Escritorio\WEB\0.htm --> ftp.geocities.com /colegiocalasancio/ 0.htm
101.01.01 17:53 B C:\WINDOWS\Escritorio\WEB\creditos.htm --> ftp.geocities.com /colegiocalasancio/ creditos.htm
101.01.31 16:12 B C:\WINDOWS\Escritorio\WEB\0.htm --> ftp.geocities.com /colegiocalasancio/ 0.htm
101.01.31 16:12 B C:\WINDOWS\Escritorio\WEB\1.mid --> ftp.geocities.com /colegiocalasancio/ 1.mid
101.01.31 16:12 B C:\WINDOWS\Escritorio\WEB\100.JPG --> ftp.geocities.com /colegiocalasancio/ 100.JPG
101.01.31 16:12 B C:\WINDOWS\Escritorio\WEB\1001.jpg --> ftp.geocities.com /colegiocalasancio/ 1001.jpg
101.01.31 16:13 B C:\WINDOWS\Escritorio\WEB\adn.gif --> ftp.geocities.com /colegiocalasancio/ adn.gif
101.01.31 16:13 B C:\WINDOWS\Escritorio\WEB\arroba.gif --> ftp.geocities.com /colegiocalasancio/ arroba.gif
101.01.31 16:13 B C:\WINDOWS\Escritorio\WEB\bandera.gif --> ftp.geocities.com /colegiocalasancio/ bandera.gif
101.01.31 16:13 B C:\WINDOWS\Escritorio\WEB\bucle.gif --> ftp.geocities.com /colegiocalasancio/ bucle.gif
101.01.31 16:14 B C:\WINDOWS\Escritorio\WEB\c.htm <-- geocities /colegiocalasancio/ c.htm
101.01.31 16:15 B C:\WINDOWS\Escritorio\WEB\cala.gif --> ftp.geocities.com /colegiocalasancio/ cala.gif
101.01.31 16:15 B C:\WINDOWS\Escritorio\WEB\camello.gif --> ftp.geocities.com /colegiocalasancio/ camello.gif
101.01.31 16:15 B C:\WINDOWS\Escritorio\WEB\caza.mid --> ftp.geocities.com /colegiocalasancio/ caza.mid
101.01.31 16:15 B C:\WINDOWS\Escritorio\WEB\cc.gif --> ftp.geocities.com /colegiocalasancio/ cc.gif
101.01.31 16:15 B C:\WINDOWS\Escritorio\WEB\ce.gif --> ftp.geocities.com /colegiocalasancio/ ce.gif
101.01.31 16:16 B C:\WINDOWS\Escritorio\WEB\cole.gif --> ftp.geocities.com /colegiocalasancio/ cole.gif
101.01.31 16:16 B C:\WINDOWS\Escritorio\WEB\Cole1.gif --> ftp.geocities.com /colegiocalasancio/ Cole1.gif
101.01.31 16:17 B C:\WINDOWS\Escritorio\WEB\conector.gif --> ftp.geocities.com /colegiocalasancio/ conector.gif
101.01.31 16:17 B C:\WINDOWS\Escritorio\WEB\contador.htm --> ftp.geocities.com /colegiocalasancio/ contador.htm
101.01.31 16:17 B C:\WINDOWS\Escritorio\WEB\creditos.htm --> ftp.geocities.com /colegiocalasancio/ creditos.htm
101.01.31 16:17 B C:\WINDOWS\Escritorio\WEB\datos.gif --> ftp.geocities.com /colegiocalasancio/ datos.gif
101.01.31 16:17 B C:\WINDOWS\Escritorio\WEB\decision.gif --> ftp.geocities.com /colegiocalasancio/ decision.gif
101.01.31 16:17 B C:\WINDOWS\Escritorio\WEB\diablos.jpg --> ftp.geocities.com /colegiocalasancio/ diablos.jpg
101.01.31 16:17 B C:\WINDOWS\Escritorio\WEB\dicciona.htm --> ftp.geocities.com /colegiocalasancio/ dicciona.htm
101.01.31 16:17 B C:\WINDOWS\Escritorio\WEB\dream.gif --> ftp.geocities.com /colegiocalasancio/ dream.gif
101.01.31 16:17 B C:\WINDOWS\Escritorio\WEB\ECUACION.TXT --> ftp.geocities.com /colegiocalasancio/ ECUACION.TXT
101.01.31 16:18 B C:\WINDOWS\Escritorio\WEB\emilios.gif --> ftp.geocities.com /colegiocalasancio/ emilios.gif
101.01.31 16:18 B C:\WINDOWS\Escritorio\WEB\escel.jpg --> ftp.geocities.com /colegiocalasancio/ escel.jpg
101.01.31 16:18 B C:\WINDOWS\Escritorio\WEB\escr.gif --> ftp.geocities.com /colegiocalasancio/ escr.gif
101.01.31 16:18 B C:\WINDOWS\Escritorio\WEB\escudo3.gif --> ftp.geocities.com /colegiocalasancio/ escudo3.gif
101.01.31 16:18 B C:\WINDOWS\Escritorio\WEB\escudo6.gif --> ftp.geocities.com /colegiocalasancio/ escudo6.gif
101.01.31 16:22 B C:\WINDOWS\Escritorio\WEB\excel.doc --> ftp.geocities.com /colegiocalasancio/ excel.doc
101.01.31 16:22 B C:\WINDOWS\Escritorio\WEB\excel.htm --> ftp.geocities.com /colegiocalasancio/ excel.htm
101.01.31 16:23 B C:\WINDOWS\Escritorio\WEB\excel.zip --> ftp.geocities.com /colegiocalasancio/ excel.zip
101.01.31 16:30 B C:\WINDOWS\Escritorio\WEB\excel.htm --> ftp.geocities.com /colegiocalasancio/ excel.htm
101.01.31 16:35 B C:\WINDOWS\Escritorio\WEB\excel.zip --> ftp.geocities.com /colegiocalasancio/ excel.zip
101.01.31 16:40 B C:\WINDOWS\Escritorio\WEB\hard.htm --> ftp.geocities.com /colegiocalasancio/ hard.htm
101.01.31 16:43 B C:\WINDOWS\Escritorio\WEB\hardware.doc --> ftp.geocities.com /colegiocalasancio/ hardware.doc
101.01.31 16:44 B C:\WINDOWS\Escritorio\WEB\hardware.jpg --> ftp.geocities.com /colegiocalasancio/ hardware.jpg
101.01.31 16:46 B C:\WINDOWS\Escritorio\WEB\hardware.zip --> ftp.geocities.com /colegiocalasancio/ hardware.zip
101.01.31 16:47 B C:\WINDOWS\Escritorio\WEB\ht.doc --> ftp.geocities.com /colegiocalasancio/ ht.doc
101.01.31 16:48 B C:\WINDOWS\Escritorio\WEB\ht.jpg --> ftp.geocities.com /colegiocalasancio/ ht.jpg
101.01.31 16:49 B C:\WINDOWS\Escritorio\WEB\ht.zip --> ftp.geocities.com /colegiocalasancio/ ht.zip
101.01.31 16:54 B C:\WINDOWS\Escritorio\WEB\html.gif --> ftp.geocities.com /colegiocalasancio/ html.gif
101.01.31 16:56 B C:\WINDOWS\Escritorio\WEB\html.gif --> ftp.geocities.com /colegiocalasancio/ html.gif
101.01.31 16:57 B C:\WINDOWS\Escritorio\WEB\html.htm --> ftp.geocities.com /colegiocalasancio/ html.htm
101.01.31 16:58 B C:\WINDOWS\Escritorio\WEB\Html.html --> ftp.geocities.com /colegiocalasancio/ Html.html
101.01.31 16:58 B C:\WINDOWS\Escritorio\WEB\index.htm --> ftp.geocities.com /colegiocalasancio/ index.htm
101.01.31 16:58 B C:\WINDOWS\Escritorio\WEB\internete.htm --> ftp.geocities.com /colegiocalasancio/ internete.htm
101.01.31 16:59 B C:\WINDOWS\Escritorio\WEB\internetea.htm --> ftp.geocities.com /colegiocalasancio/ internetea.htm
101.01.31 16:59 B C:\WINDOWS\Escritorio\WEB\intro.htm --> ftp.geocities.com /colegiocalasancio/ intro.htm
101.01.31 17:01 B C:\WINDOWS\Escritorio\WEB\ito.gif --> ftp.geocities.com /colegiocalasancio/ ito.gif
101.01.31 17:02 B C:\WINDOWS\Escritorio\WEB\ito1.htm --> ftp.geocities.com /colegiocalasancio/ ito1.htm
101.01.31 17:03 B C:\WINDOWS\Escritorio\WEB\ito2.gif --> ftp.geocities.com /colegiocalasancio/ ito2.gif
101.01.31 17:06 B C:\WINDOWS\Escritorio\WEB\ito3.htm --> ftp.geocities.com /colegiocalasancio/ ito3.htm
101.01.31 17:06 B C:\WINDOWS\Escritorio\WEB\ito4.htm --> ftp.geocities.com /colegiocalasancio/ ito4.htm
101.01.31 17:06 B C:\WINDOWS\Escritorio\WEB\ito5.htm --> ftp.geocities.com /colegiocalasancio/ ito5.htm
101.01.31 17:07 B C:\WINDOWS\Escritorio\WEB\leng.htm --> ftp.geocities.com /colegiocalasancio/ leng.htm
101.01.31 17:07 B C:\WINDOWS\Escritorio\WEB\lenguajes.gif --> ftp.geocities.com /colegiocalasancio/ lenguajes.gif
101.01.31 17:07 B C:\WINDOWS\Escritorio\WEB\lenguajes.htm --> ftp.geocities.com /colegiocalasancio/ lenguajes.htm
101.01.31 17:07 B C:\WINDOWS\Escritorio\WEB\links.htm --> ftp.geocities.com /colegiocalasancio/ links.htm
101.01.31 17:07 B C:\WINDOWS\Escritorio\WEB\LOGO_Y.GIF --> ftp.geocities.com /colegiocalasancio/ LOGO_Y.GIF
101.01.31 17:07 B C:\WINDOWS\Escritorio\WEB\manolo.gif --> ftp.geocities.com /colegiocalasancio/ manolo.gif
101.01.31 17:07 B C:\WINDOWS\Escritorio\WEB\manolo2.gif --> ftp.geocities.com /colegiocalasancio/ manolo2.gif
101.01.31 17:08 B C:\WINDOWS\Escritorio\WEB\memoria.jpg --> ftp.geocities.com /colegiocalasancio/ memoria.jpg
101.01.31 17:08 B C:\WINDOWS\Escritorio\WEB\memoria.ppt --> ftp.geocities.com /colegiocalasancio/ memoria.ppt
101.01.31 17:08 B C:\WINDOWS\Escritorio\WEB\memoria.zip --> ftp.geocities.com /colegiocalasancio/ memoria.zip
101.01.31 17:10 B C:\WINDOWS\Escritorio\WEB\pascal.gif --> ftp.geocities.com /colegiocalasancio/ pascal.gif
101.01.31 17:13 B C:\WINDOWS\Escritorio\WEB\intro.htm --> ftp.geocities.com /colegiocalasancio/ intro.htm
101.01.31 17:14 B C:\WINDOWS\Escritorio\WEB\pascal.htm --> ftp.geocities.com /colegiocalasancio/ pascal.htm
101.01.31 17:21 B C:\WINDOWS\Escritorio\WEB\power.doc --> ftp.geocities.com /colegiocalasancio/ power.doc
101.01.31 17:27 B C:\WINDOWS\Escritorio\WEB\power.zip --> ftp.geocities.com /colegiocalasancio/ power.zip
101.01.31 17:27 B C:\WINDOWS\Escritorio\WEB\pp.gif --> ftp.geocities.com /colegiocalasancio/ pp.gif
101.01.31 17:27 B C:\WINDOWS\Escritorio\WEB\pp.htm --> ftp.geocities.com /colegiocalasancio/ pp.htm
101.01.31 17:27 B C:\WINDOWS\Escritorio\WEB\pp.jpg --> ftp.geocities.com /colegiocalasancio/ pp.jpg
101.01.31 17:27 B C:\WINDOWS\Escritorio\WEB\programacion.htm --> ftp.geocities.com /colegiocalasancio/ programacion.htm
101.01.31 17:27 B C:\WINDOWS\Escritorio\WEB\reloj.gif --> ftp.geocities.com /colegiocalasancio/ reloj.gif
101.01.31 17:28 B C:\WINDOWS\Escritorio\WEB\sp.gif --> ftp.geocities.com /colegiocalasancio/ sp.gif
101.01.31 17:28 B C:\WINDOWS\Escritorio\WEB\tech.htm --> ftp.geocities.com /colegiocalasancio/ tech.htm
101.01.31 17:28 B C:\WINDOWS\Escritorio\WEB\tema1.gif --> ftp.geocities.com /colegiocalasancio/ tema1.gif
101.01.31 17:28 B C:\WINDOWS\Escritorio\WEB\tema2.gif --> ftp.geocities.com /colegiocalasancio/ tema2.gif
101.01.31 17:28 B C:\WINDOWS\Escritorio\WEB\tema3.gif --> ftp.geocities.com /colegiocalasancio/ tema3.gif
101.01.31 17:28 B C:\WINDOWS\Escritorio\WEB\tema4.gif --> ftp.geocities.com /colegiocalasancio/ tema4.gif
101.01.31 17:28 B C:\WINDOWS\Escritorio\WEB\tema5.gif --> ftp.geocities.com /colegiocalasancio/ tema5.gif
101.01.31 17:28 B C:\WINDOWS\Escritorio\WEB\titanic.mid --> ftp.geocities.com /colegiocalasancio/ titanic.mid
101.01.31 17:28 B C:\WINDOWS\Escritorio\WEB\win.jpg --> ftp.geocities.com /colegiocalasancio/ win.jpg
101.01.31 17:29 B C:\WINDOWS\Escritorio\WEB\windows.doc --> ftp.geocities.com /colegiocalasancio/ windows.doc
101.01.31 17:29 B C:\WINDOWS\Escritorio\WEB\windows.htm --> ftp.geocities.com /colegiocalasancio/ windows.htm
101.01.31 17:29 B C:\WINDOWS\Escritorio\WEB\windows.jpg --> ftp.geocities.com /colegiocalasancio/ windows.jpg
101.01.31 17:33 B C:\WINDOWS\Escritorio\WEB\win.jpg --> ftp.geocities.com /colegiocalasancio/ win.jpg
101.01.31 17:33 B C:\WINDOWS\Escritorio\WEB\windows.doc --> ftp.geocities.com /colegiocalasancio/ windows.doc
101.01.31 17:33 B C:\WINDOWS\Escritorio\WEB\windows.htm --> ftp.geocities.com /colegiocalasancio/ windows.htm
101.01.31 17:33 B C:\WINDOWS\Escritorio\WEB\windows.jpg --> ftp.geocities.com /colegiocalasancio/ windows.jpg
101.01.31 17:33 B C:\WINDOWS\Escritorio\WEB\windows.zip --> ftp.geocities.com /colegiocalasancio/ windows.zip
101.01.31 17:34 B C:\WINDOWS\Escritorio\WEB\wml.gif --> ftp.geocities.com /colegiocalasancio/ wml.gif
101.01.31 17:34 B C:\WINDOWS\Escritorio\WEB\wml.htm --> ftp.geocities.com /colegiocalasancio/ wml.htm
101.01.31 17:35 B C:\WINDOWS\Escritorio\WEB\zip1.gif --> ftp.geocities.com /colegiocalasancio/ zip1.gif
101.01.31 17:36 B C:\WINDOWS\Escritorio\WEB\indice.htm --> ftp.geocities.com /colegiocalasancio/ indice.htm
101.01.31 17:43 B C:\WINDOWS\Escritorio\WEB\c.htm --> ftp.geocities.com /colegiocalasancio/ c.htm
101.02.24 02:31 B C:\WINDOWS\Escritorio\WEB\0.htm --> ftp.geocities.com /colegiocalasancio 0.htm
101.02.24 02:32 B C:\WINDOWS\Escritorio\WEB\1.mid --> ftp.geocities.com /colegiocalasancio 1.mid
101.02.24 02:32 B C:\WINDOWS\Escritorio\WEB\100.JPG --> ftp.geocities.com /colegiocalasancio 100.JPG
101.02.24 02:32 B C:\WINDOWS\Escritorio\WEB\1001.jpg --> ftp.geocities.com /colegiocalasancio 1001.jpg
101.02.24 02:32 B C:\WINDOWS\Escritorio\WEB\5.jpg --> ftp.geocities.com /colegiocalasancio 5.jpg
101.02.24 02:32 B C:\WINDOWS\Escritorio\WEB\9.jpg --> ftp.geocities.com /colegiocalasancio 9.jpg
101.02.24 02:32 B C:\WINDOWS\Escritorio\WEB\adn.gif --> ftp.geocities.com /colegiocalasancio adn.gif
101.02.24 02:32 B C:\WINDOWS\Escritorio\WEB\animate.js --> ftp.geocities.com /colegiocalasancio animate.js
101.02.24 02:32 B C:\WINDOWS\Escritorio\WEB\arroba.gif --> ftp.geocities.com /colegiocalasancio arroba.gif
101.02.24 02:33 B C:\WINDOWS\Escritorio\WEB\bandera.gif --> ftp.geocities.com /colegiocalasancio bandera.gif
101.02.24 02:51 B C:\WINDOWS\Escritorio\WEB\finfaq.htm --> ftp.geocities.com /colegiocalasancio/htm finfaq.htm
101.02.24 02:51 B C:\WINDOWS\Escritorio\WEB\bucle.gif --> ftp.geocities.com /colegiocalasancio/htm bucle.gif
101.02.24 02:52 B C:\WINDOWS\Escritorio\WEB\c.htm --> ftp.geocities.com /colegiocalasancio/htm c.htm
101.02.24 02:52 B C:\WINDOWS\Escritorio\WEB\0.htm --> ftp.geocities.com /colegiocalasancio 0.htm
101.02.24 02:52 B C:\WINDOWS\Escritorio\WEB\1.mid --> ftp.geocities.com /colegiocalasancio 1.mid
101.02.24 02:52 B C:\WINDOWS\Escritorio\WEB\100.JPG --> ftp.geocities.com /colegiocalasancio 100.JPG
101.02.24 02:53 B C:\WINDOWS\Escritorio\WEB\1001.jpg --> ftp.geocities.com /colegiocalasancio 1001.jpg
101.02.24 02:53 B C:\WINDOWS\Escritorio\WEB\5.jpg --> ftp.geocities.com /colegiocalasancio 5.jpg
101.02.24 02:53 B C:\WINDOWS\Escritorio\WEB\9.jpg --> ftp.geocities.com /colegiocalasancio 9.jpg
101.02.24 02:53 B C:\WINDOWS\Escritorio\WEB\adn.gif --> ftp.geocities.com /colegiocalasancio adn.gif
101.02.24 02:53 B C:\WINDOWS\Escritorio\WEB\animate.js --> ftp.geocities.com /colegiocalasancio animate.js
101.02.24 02:53 B C:\WINDOWS\Escritorio\WEB\arroba.gif --> ftp.geocities.com /colegiocalasancio arroba.gif
101.02.24 02:53 B C:\WINDOWS\Escritorio\WEB\bandera.gif --> ftp.geocities.com /colegiocalasancio bandera.gif
101.02.24 02:53 B C:\WINDOWS\Escritorio\WEB\bucle.gif --> ftp.geocities.com /colegiocalasancio bucle.gif
101.02.24 02:54 B C:\WINDOWS\Escritorio\WEB\c.htm --> ftp.geocities.com /colegiocalasancio c.htm
101.02.24 02:54 B C:\WINDOWS\Escritorio\WEB\cala.gif --> ftp.geocities.com /colegiocalasancio cala.gif
101.02.24 03:47 B C:\WINDOWS\Escritorio\WEB\iw.gif --> ftp.geocities.com /colegiocalasancio/ iw.gif
101.02.24 03:47 B C:\WINDOWS\Escritorio\WEB\iw1.gif --> ftp.geocities.com /colegiocalasancio/ iw1.gif
